Using pre-set license
Built from '2022.3/staging' branch; Version is '2022.3.7f1 (b16b3b16c7a0) revision 11627323'; Using compiler version '192829333'; Build Type 'Release'
OS: 'Windows 11  (10.0.22621) 64bit Core' Language: 'en' Physical Memory: 16310 MB
BatchMode: 1, IsHumanControllingUs: 0, StartBugReporterOnCrash: 0, Is64bit: 1, IsPro: 1

COMMAND LINE ARGUMENTS:
P:\Coding\Unity Installs\2022.3.7f1\Editor\Unity.exe
-adb2
-batchMode
-noUpm
-name
AssetImportWorker0
-projectPath
P:/Coding/Unity Projects/Galactic-Delivery-Dash/Galactic Delivery Dash
-logFile
Logs/AssetImportWorker0.log
-srvPort
53944
Successfully changed project path to: P:/Coding/Unity Projects/Galactic-Delivery-Dash/Galactic Delivery Dash
P:/Coding/Unity Projects/Galactic-Delivery-Dash/Galactic Delivery Dash
[UnityMemory] Configuration Parameters - Can be set up in boot.config
    "memorysetup-bucket-allocator-granularity=16"
    "memorysetup-bucket-allocator-bucket-count=8"
    "memorysetup-bucket-allocator-block-size=33554432"
    "memorysetup-bucket-allocator-block-count=8"
    "memorysetup-main-allocator-block-size=16777216"
    "memorysetup-thread-allocator-block-size=16777216"
    "memorysetup-gfx-main-allocator-block-size=16777216"
    "memorysetup-gfx-thread-allocator-block-size=16777216"
    "memorysetup-cache-allocator-block-size=4194304"
    "memorysetup-typetree-allocator-block-size=2097152"
    "memorysetup-profiler-bucket-allocator-granularity=16"
    "memorysetup-profiler-bucket-allocator-bucket-count=8"
    "memorysetup-profiler-bucket-allocator-block-size=33554432"
    "memorysetup-profiler-bucket-allocator-block-count=8"
    "memorysetup-profiler-allocator-block-size=16777216"
    "memorysetup-profiler-editor-allocator-block-size=1048576"
    "memorysetup-temp-allocator-size-main=16777216"
    "memorysetup-job-temp-allocator-block-size=2097152"
    "memorysetup-job-temp-allocator-block-size-background=1048576"
    "memorysetup-job-temp-allocator-reduction-small-platforms=262144"
    "memorysetup-allocator-temp-initial-block-size-main=262144"
    "memorysetup-allocator-temp-initial-block-size-worker=262144"
    "memorysetup-temp-allocator-size-background-worker=32768"
    "memorysetup-temp-allocator-size-job-worker=262144"
    "memorysetup-temp-allocator-size-preload-manager=33554432"
    "memorysetup-temp-allocator-size-nav-mesh-worker=65536"
    "memorysetup-temp-allocator-size-audio-worker=65536"
    "memorysetup-temp-allocator-size-cloud-worker=32768"
    "memorysetup-temp-allocator-size-gi-baking-worker=262144"
    "memorysetup-temp-allocator-size-gfx=262144"
Player connection [45456] Host "[IP] 192.168.0.10 [Port] 0 [Flags] 2 [Guid] 750609440 [EditorId] 750609440 [Version] 1048832 [Id] WindowsEditor(7,JacobsNewPC) [Debug] 1 [PackageName] WindowsEditor [ProjectName] Editor" joined multi-casting on [225.0.0.222:54997]...

Player connection [45456] Host "[IP] 192.168.0.10 [Port] 0 [Flags] 2 [Guid] 750609440 [EditorId] 750609440 [Version] 1048832 [Id] WindowsEditor(7,JacobsNewPC) [Debug] 1 [PackageName] WindowsEditor [ProjectName] Editor" joined alternative multi-casting on [225.0.0.222:34997]...

Refreshing native plugins compatible for Editor in 7.42 ms, found 4 plugins.
Preloading 0 native plugins for Editor in 0.00 ms.
Initialize engine version: 2022.3.7f1 (b16b3b16c7a0)
[Subsystems] Discovering subsystems at path P:/Coding/Unity Installs/2022.3.7f1/Editor/Data/Resources/UnitySubsystems
[Subsystems] Discovering subsystems at path P:/Coding/Unity Projects/Galactic-Delivery-Dash/Galactic Delivery Dash/Assets
GfxDevice: creating device client; threaded=0; jobified=0
Direct3D:
    Version:  Direct3D 11.0 [level 11.1]
    Renderer: NVIDIA GeForce RTX 2060 (ID=0x1e89)
    Vendor:   NVIDIA
    VRAM:     5958 MB
    Driver:   31.0.15.3168
Initialize mono
Mono path[0] = 'P:/Coding/Unity Installs/2022.3.7f1/Editor/Data/Managed'
Mono path[1] = 'P:/Coding/Unity Installs/2022.3.7f1/Editor/Data/MonoBleedingEdge/lib/mono/unityjit-win32'
Mono config path = 'P:/Coding/Unity Installs/2022.3.7f1/Editor/Data/MonoBleedingEdge/etc'
Using monoOptions --debugger-agent=transport=dt_socket,embedding=1,server=y,suspend=n,address=127.0.0.1:56136
Begin MonoManager ReloadAssembly
Registering precompiled unity dll's ...
Register platform support module: P:/Coding/Unity Installs/2022.3.7f1/Editor/Data/PlaybackEngines/AndroidPlayer/UnityEditor.Android.Extensions.dll
Register platform support module: P:/Coding/Unity Installs/2022.3.7f1/Editor/Data/PlaybackEngines/WindowsStandaloneSupport/UnityEditor.WindowsStandalone.Extensions.dll
Register platform support module: P:/Coding/Unity Installs/2022.3.7f1/Editor/Data/PlaybackEngines/LinuxStandaloneSupport/UnityEditor.LinuxStandalone.Extensions.dll
Register platform support module: P:/Coding/Unity Installs/2022.3.7f1/Editor/Data/PlaybackEngines/MetroSupport/UnityEditor.UWP.Extensions.dll
Registered in 0.003946 seconds.
- Loaded All Assemblies, in  0.265 seconds
Native extension for UWP target not found
Native extension for LinuxStandalone target not found
Native extension for WindowsStandalone target not found
Native extension for Android target not found
Android Extension - Scanning For ADB Devices 567 ms
Mono: successfully reloaded assembly
- Finished resetting the current domain, in  0.833 seconds
Domain Reload Profiling: 1098ms
	BeginReloadAssembly (87ms)
		ExecutionOrderSort (0ms)
		DisableScriptedObjects (0ms)
		BackupInstance (0ms)
		ReleaseScriptingObjects (0ms)
		CreateAndSetChildDomain (1ms)
	RebuildCommonClasses (27ms)
	RebuildNativeTypeToScriptingClass (9ms)
	initialDomainReloadingComplete (37ms)
	LoadAllAssembliesAndSetupDomain (104ms)
		LoadAssemblies (87ms)
		RebuildTransferFunctionScriptingTraits (0ms)
		AnalyzeDomain (102ms)
			TypeCache.Refresh (101ms)
				TypeCache.ScanAssembly (92ms)
			ScanForSourceGeneratedMonoScriptInfo (0ms)
			ResolveRequiredComponents (0ms)
	FinalizeReload (833ms)
		ReleaseScriptCaches (0ms)
		RebuildScriptCaches (0ms)
		SetupLoadedEditorAssemblies (787ms)
			LogAssemblyErrors (0ms)
			InitializePlatformSupportModulesInManaged (670ms)
			SetLoadedEditorAssemblies (3ms)
			RefreshPlugins (0ms)
			BeforeProcessingInitializeOnLoad (2ms)
			ProcessInitializeOnLoadAttributes (76ms)
			ProcessInitializeOnLoadMethodAttributes (36ms)
			AfterProcessingInitializeOnLoad (0ms)
			EditorAssembliesLoaded (0ms)
		ExecutionOrderSort2 (0ms)
		AwakeInstancesAfterBackupRestoration (0ms)
========================================================================
Worker process is ready to serve import requests
Begin MonoManager ReloadAssembly
Symbol file LoadedFromMemory doesn't match image P:\Coding\Unity Projects\Galactic-Delivery-Dash\Galactic Delivery Dash\Library\PackageCache\com.unity.visualscripting@1.8.0\Editor\VisualScripting.Core\Dependencies\YamlDotNet\Unity.VisualScripting.YamlDotNet.dll
Symbol file LoadedFromMemory doesn't match image P:\Coding\Unity Projects\Galactic-Delivery-Dash\Galactic Delivery Dash\Library\PackageCache\com.unity.visualscripting@1.8.0\Editor\VisualScripting.Core\Dependencies\DotNetZip\Unity.VisualScripting.IonicZip.dll
- Loaded All Assemblies, in  0.472 seconds
Refreshing native plugins compatible for Editor in 3.67 ms, found 4 plugins.
Native extension for UWP target not found
Native extension for LinuxStandalone target not found
Native extension for WindowsStandalone target not found
Native extension for Android target not found
Mono: successfully reloaded assembly
Package Manager log level set to [2]
[Package Manager] Server::EnsureServerProcessIsRunning -- launch failed, reason: Unity was launched with the -noUpm command-line argument
[Package Manager] UpmClient::Send -- Unable to send message (not connected to UPM process).
[Package Manager] Cannot connect to Unity Package Manager local server
[Package Manager] Server::EnsureServerProcessIsRunning -- launch failed, reason: Unity was launched with the -noUpm command-line argument
[Package Manager] UpmClient::Send -- Unable to send message (not connected to UPM process).
[Package Manager] Cannot connect to Unity Package Manager local server
- Finished resetting the current domain, in  0.459 seconds
Domain Reload Profiling: 930ms
	BeginReloadAssembly (105ms)
		ExecutionOrderSort (0ms)
		DisableScriptedObjects (4ms)
		BackupInstance (0ms)
		ReleaseScriptingObjects (0ms)
		CreateAndSetChildDomain (18ms)
	RebuildCommonClasses (23ms)
	RebuildNativeTypeToScriptingClass (8ms)
	initialDomainReloadingComplete (28ms)
	LoadAllAssembliesAndSetupDomain (308ms)
		LoadAssemblies (224ms)
		RebuildTransferFunctionScriptingTraits (0ms)
		AnalyzeDomain (143ms)
			TypeCache.Refresh (115ms)
				TypeCache.ScanAssembly (103ms)
			ScanForSourceGeneratedMonoScriptInfo (22ms)
			ResolveRequiredComponents (4ms)
	FinalizeReload (459ms)
		ReleaseScriptCaches (0ms)
		RebuildScriptCaches (0ms)
		SetupLoadedEditorAssemblies (313ms)
			LogAssemblyErrors (0ms)
			InitializePlatformSupportModulesInManaged (21ms)
			SetLoadedEditorAssemblies (3ms)
			RefreshPlugins (0ms)
			BeforeProcessingInitializeOnLoad (64ms)
			ProcessInitializeOnLoadAttributes (198ms)
			ProcessInitializeOnLoadMethodAttributes (26ms)
			AfterProcessingInitializeOnLoad (1ms)
			EditorAssembliesLoaded (0ms)
		ExecutionOrderSort2 (0ms)
		AwakeInstancesAfterBackupRestoration (6ms)
Launched and connected shader compiler UnityShaderCompiler.exe after 0.04 seconds
Refreshing native plugins compatible for Editor in 3.69 ms, found 4 plugins.
Preloading 0 native plugins for Editor in 0.00 ms.
Unloading 4261 Unused Serialized files (Serialized files now loaded: 0)
Unloading 78 unused Assets / (68.2 KB). Loaded Objects now: 4712.
Memory consumption went from 146.7 MB to 146.7 MB.
Total: 2.908200 ms (FindLiveObjects: 0.234700 ms CreateObjectMapping: 0.146400 ms MarkObjects: 2.417700 ms  DeleteObjects: 0.108700 ms)

AssetImportParameters requested are different than current active one (requested -> active):
  custom:container-demuxer-ogg: 62fdf1f143b41e24485cea50d1cbac27 -> 
  custom:video-decoder-ogg-theora: a1e56fd34408186e4bbccfd4996cb3dc -> 
  custom:framework-win-MediaFoundation: 216162199b28c13a410421893ffa2e32 -> 
  custom:CustomObjectIndexerAttribute: 756ad292c208cfabdd7b50bc23989ffe -> 
  custom:container-demuxer-webm: 4f35f7cbe854078d1ac9338744f61a02 -> 
  custom:container-muxer-webm: aa71ff27fc2769a1b78a27578f13a17b -> 
  custom:video-decoder-webm-vp8: 9c59270c3fd7afecdb556c50c9e8de78 -> 
  custom:SearchIndexIgnoredProperties: e643bd26f0fe6173181afceb89e7c659 -> 
  custom:AudioImporter_EditorPlatform: d09bf68614088b80899f8185d706f6e7 -> 
  custom:video-encoder-webm-vp8: eb34c28f22e8b96e1ab97ce403110664 -> 
  custom:audio-decoder-ogg-vorbis: bf7c407c2cedff20999df2af8eb42d56 -> 
  custom:audio-encoder-webm-vorbis: bf7c407c2cedff20999df2af8eb42d56 -> 
========================================================================
Received Import Request.
  Time since last request: 9330.340425 seconds.
  path: Assets/Pixel Art/Untitled.png
  artifactKey: Guid(5baee5fbb8d192b4ab7549fec017f373) Importer(815301076,1909f56bfc062723c751e8b465ee728b)
Start importing Assets/Pixel Art/Untitled.png using Guid(5baee5fbb8d192b4ab7549fec017f373) Importer(815301076,1909f56bfc062723c751e8b465ee728b)  -> (artifact id: '990f414eef002c7c246ecc39ae9a3501') in 0.052759 seconds
Number of updated asset objects reloaded before import = 0
Number of asset objects unloaded after import = 3
========================================================================
Received Import Request.
  Time since last request: 121.304636 seconds.
  path: Assets/Pixel Art/Player Ship.png
  artifactKey: Guid(5baee5fbb8d192b4ab7549fec017f373) Importer(815301076,1909f56bfc062723c751e8b465ee728b)
Start importing Assets/Pixel Art/Player Ship.png using Guid(5baee5fbb8d192b4ab7549fec017f373) Importer(815301076,1909f56bfc062723c751e8b465ee728b)  -> (artifact id: 'f1436f8737e4ebc1cc9b396af4a5a309') in 0.008105 seconds
Number of updated asset objects reloaded before import = 0
Number of asset objects unloaded after import = 3
========================================================================
Received Import Request.
  Time since last request: 45.280830 seconds.
  path: Assets/Pixel Art/Player Ship.png
  artifactKey: Guid(5baee5fbb8d192b4ab7549fec017f373) Importer(815301076,1909f56bfc062723c751e8b465ee728b)
Start importing Assets/Pixel Art/Player Ship.png using Guid(5baee5fbb8d192b4ab7549fec017f373) Importer(815301076,1909f56bfc062723c751e8b465ee728b)  -> (artifact id: 'e097d83c81dce880a82bdeb60368de17') in 0.005534 seconds
Number of updated asset objects reloaded before import = 0
Number of asset objects unloaded after import = 3
========================================================================
Received Import Request.
  Time since last request: 135.697057 seconds.
  path: Assets/Pixel Art/Player Ship.png
  artifactKey: Guid(5baee5fbb8d192b4ab7549fec017f373) Importer(815301076,1909f56bfc062723c751e8b465ee728b)
Start importing Assets/Pixel Art/Player Ship.png using Guid(5baee5fbb8d192b4ab7549fec017f373) Importer(815301076,1909f56bfc062723c751e8b465ee728b)  -> (artifact id: '9372e0647326842dc07f8646cf9b5d04') in 0.008008 seconds
Number of updated asset objects reloaded before import = 0
Number of asset objects unloaded after import = 3
========================================================================
Received Import Request.
  Time since last request: 36.805730 seconds.
  path: Assets/Pixel Art/Player Ship.png
  artifactKey: Guid(5baee5fbb8d192b4ab7549fec017f373) Importer(815301076,1909f56bfc062723c751e8b465ee728b)
Start importing Assets/Pixel Art/Player Ship.png using Guid(5baee5fbb8d192b4ab7549fec017f373) Importer(815301076,1909f56bfc062723c751e8b465ee728b)  -> (artifact id: '248c792c8e88654fe1b4cf6c13c29ad9') in 0.005800 seconds
Number of updated asset objects reloaded before import = 0
Number of asset objects unloaded after import = 3
========================================================================
Received Import Request.
  Time since last request: 10.867540 seconds.
  path: Assets/Pixel Art/Player Ship.png
  artifactKey: Guid(5baee5fbb8d192b4ab7549fec017f373) Importer(815301076,1909f56bfc062723c751e8b465ee728b)
Start importing Assets/Pixel Art/Player Ship.png using Guid(5baee5fbb8d192b4ab7549fec017f373) Importer(815301076,1909f56bfc062723c751e8b465ee728b)  -> (artifact id: '82e9d0241aebe11dfafe7c0946f03809') in 0.006392 seconds
Number of updated asset objects reloaded before import = 0
Number of asset objects unloaded after import = 3
========================================================================
Received Import Request.
  Time since last request: 490.953296 seconds.
  path: Assets/Pixel Art/Player Ship.png
  artifactKey: Guid(5baee5fbb8d192b4ab7549fec017f373) Importer(815301076,1909f56bfc062723c751e8b465ee728b)
Start importing Assets/Pixel Art/Player Ship.png using Guid(5baee5fbb8d192b4ab7549fec017f373) Importer(815301076,1909f56bfc062723c751e8b465ee728b)  -> (artifact id: '9840ea6e2b789f04a545a7e4cd2ab326') in 0.007141 seconds
Number of updated asset objects reloaded before import = 0
Number of asset objects unloaded after import = 3
========================================================================
Received Import Request.
  Time since last request: 11.040807 seconds.
  path: Assets/Pixel Art/Player Ship.png
  artifactKey: Guid(5baee5fbb8d192b4ab7549fec017f373) Importer(815301076,1909f56bfc062723c751e8b465ee728b)
Start importing Assets/Pixel Art/Player Ship.png using Guid(5baee5fbb8d192b4ab7549fec017f373) Importer(815301076,1909f56bfc062723c751e8b465ee728b)  -> (artifact id: '1a392be202164ab0a4316f973da9f70d') in 0.015286 seconds
Number of updated asset objects reloaded before import = 0
Number of asset objects unloaded after import = 3
========================================================================
Received Import Request.
  Time since last request: 11995.517278 seconds.
  path: Assets/Pixel Art/Pirate Ship.png
  artifactKey: Guid(18baa2c903e19f744a04e07004f0d08d) Importer(815301076,1909f56bfc062723c751e8b465ee728b)
Start importing Assets/Pixel Art/Pirate Ship.png using Guid(18baa2c903e19f744a04e07004f0d08d) Importer(815301076,1909f56bfc062723c751e8b465ee728b)  -> (artifact id: '7900406bc9aa9a14d9919f77f2e087cb') in 0.028993 seconds
Number of updated asset objects reloaded before import = 0
Number of asset objects unloaded after import = 3
========================================================================
Received Import Request.
  Time since last request: 16.638192 seconds.
  path: Assets/Pixel Art/Pirate Ship.png
  artifactKey: Guid(18baa2c903e19f744a04e07004f0d08d) Importer(815301076,1909f56bfc062723c751e8b465ee728b)
Start importing Assets/Pixel Art/Pirate Ship.png using Guid(18baa2c903e19f744a04e07004f0d08d) Importer(815301076,1909f56bfc062723c751e8b465ee728b)  -> (artifact id: '753e513f31bc050f6877352c6f26f489') in 0.022767 seconds
Number of updated asset objects reloaded before import = 0
Number of asset objects unloaded after import = 3
========================================================================
Received Prepare
Begin MonoManager ReloadAssembly
Symbol file LoadedFromMemory doesn't match image P:\Coding\Unity Projects\Galactic-Delivery-Dash\Galactic Delivery Dash\Library\PackageCache\com.unity.visualscripting@1.8.0\Editor\VisualScripting.Core\Dependencies\YamlDotNet\Unity.VisualScripting.YamlDotNet.dll
Symbol file LoadedFromMemory doesn't match image P:\Coding\Unity Projects\Galactic-Delivery-Dash\Galactic Delivery Dash\Library\PackageCache\com.unity.visualscripting@1.8.0\Editor\VisualScripting.Core\Dependencies\DotNetZip\Unity.VisualScripting.IonicZip.dll
- Loaded All Assemblies, in  0.503 seconds
Refreshing native plugins compatible for Editor in 4.40 ms, found 4 plugins.
Native extension for UWP target not found
Native extension for LinuxStandalone target not found
Native extension for WindowsStandalone target not found
Native extension for Android target not found
Mono: successfully reloaded assembly
[Package Manager] Server::EnsureServerProcessIsRunning -- launch failed, reason: Unity was launched with the -noUpm command-line argument
[Package Manager] UpmClient::Send -- Unable to send message (not connected to UPM process).
[Package Manager] Cannot connect to Unity Package Manager local server
- Finished resetting the current domain, in  0.730 seconds
Domain Reload Profiling: 1233ms
	BeginReloadAssembly (252ms)
		ExecutionOrderSort (0ms)
		DisableScriptedObjects (28ms)
		BackupInstance (0ms)
		ReleaseScriptingObjects (0ms)
		CreateAndSetChildDomain (110ms)
	RebuildCommonClasses (27ms)
	RebuildNativeTypeToScriptingClass (8ms)
	initialDomainReloadingComplete (22ms)
	LoadAllAssembliesAndSetupDomain (194ms)
		LoadAssemblies (255ms)
		RebuildTransferFunctionScriptingTraits (0ms)
		AnalyzeDomain (17ms)
			TypeCache.Refresh (9ms)
				TypeCache.ScanAssembly (0ms)
			ScanForSourceGeneratedMonoScriptInfo (0ms)
			ResolveRequiredComponents (7ms)
	FinalizeReload (731ms)
		ReleaseScriptCaches (0ms)
		RebuildScriptCaches (0ms)
		SetupLoadedEditorAssemblies (310ms)
			LogAssemblyErrors (0ms)
			InitializePlatformSupportModulesInManaged (25ms)
			SetLoadedEditorAssemblies (4ms)
			RefreshPlugins (0ms)
			BeforeProcessingInitializeOnLoad (58ms)
			ProcessInitializeOnLoadAttributes (196ms)
			ProcessInitializeOnLoadMethodAttributes (25ms)
			AfterProcessingInitializeOnLoad (2ms)
			EditorAssembliesLoaded (0ms)
		ExecutionOrderSort2 (0ms)
		AwakeInstancesAfterBackupRestoration (10ms)
Refreshing native plugins compatible for Editor in 3.31 ms, found 4 plugins.
Preloading 0 native plugins for Editor in 0.00 ms.
Unloading 4248 Unused Serialized files (Serialized files now loaded: 0)
Unloading 50 unused Assets / (42.3 KB). Loaded Objects now: 4723.
Memory consumption went from 143.0 MB to 142.9 MB.
Total: 3.492600 ms (FindLiveObjects: 0.304900 ms CreateObjectMapping: 0.114200 ms MarkObjects: 3.000400 ms  DeleteObjects: 0.072500 ms)

Prepare: number of updated asset objects reloaded= 0
AssetImportParameters requested are different than current active one (requested -> active):
  custom:container-demuxer-ogg: 62fdf1f143b41e24485cea50d1cbac27 -> 
  custom:video-decoder-ogg-theora: a1e56fd34408186e4bbccfd4996cb3dc -> 
  custom:framework-win-MediaFoundation: 216162199b28c13a410421893ffa2e32 -> 
  custom:CustomObjectIndexerAttribute: 756ad292c208cfabdd7b50bc23989ffe -> 
  custom:container-demuxer-webm: 4f35f7cbe854078d1ac9338744f61a02 -> 
  custom:container-muxer-webm: aa71ff27fc2769a1b78a27578f13a17b -> 
  custom:video-decoder-webm-vp8: 9c59270c3fd7afecdb556c50c9e8de78 -> 
  custom:SearchIndexIgnoredProperties: e643bd26f0fe6173181afceb89e7c659 -> 
  custom:AudioImporter_EditorPlatform: d09bf68614088b80899f8185d706f6e7 -> 
  custom:video-encoder-webm-vp8: eb34c28f22e8b96e1ab97ce403110664 -> 
  custom:audio-decoder-ogg-vorbis: bf7c407c2cedff20999df2af8eb42d56 -> 
  custom:audio-encoder-webm-vorbis: bf7c407c2cedff20999df2af8eb42d56 -> 
========================================================================
Received Prepare
Begin MonoManager ReloadAssembly
Symbol file LoadedFromMemory doesn't match image P:\Coding\Unity Projects\Galactic-Delivery-Dash\Galactic Delivery Dash\Library\PackageCache\com.unity.visualscripting@1.8.0\Editor\VisualScripting.Core\Dependencies\YamlDotNet\Unity.VisualScripting.YamlDotNet.dll
Symbol file LoadedFromMemory doesn't match image P:\Coding\Unity Projects\Galactic-Delivery-Dash\Galactic Delivery Dash\Library\PackageCache\com.unity.visualscripting@1.8.0\Editor\VisualScripting.Core\Dependencies\DotNetZip\Unity.VisualScripting.IonicZip.dll
- Loaded All Assemblies, in  0.310 seconds
Refreshing native plugins compatible for Editor in 3.39 ms, found 4 plugins.
Native extension for UWP target not found
Native extension for LinuxStandalone target not found
Native extension for WindowsStandalone target not found
Native extension for Android target not found
Mono: successfully reloaded assembly
[Package Manager] Server::EnsureServerProcessIsRunning -- launch failed, reason: Unity was launched with the -noUpm command-line argument
[Package Manager] UpmClient::Send -- Unable to send message (not connected to UPM process).
[Package Manager] Cannot connect to Unity Package Manager local server
- Finished resetting the current domain, in  0.610 seconds
Domain Reload Profiling: 919ms
	BeginReloadAssembly (120ms)
		ExecutionOrderSort (0ms)
		DisableScriptedObjects (9ms)
		BackupInstance (0ms)
		ReleaseScriptingObjects (0ms)
		CreateAndSetChildDomain (28ms)
	RebuildCommonClasses (24ms)
	RebuildNativeTypeToScriptingClass (8ms)
	initialDomainReloadingComplete (17ms)
	LoadAllAssembliesAndSetupDomain (140ms)
		LoadAssemblies (192ms)
		RebuildTransferFunctionScriptingTraits (0ms)
		AnalyzeDomain (8ms)
			TypeCache.Refresh (4ms)
				TypeCache.ScanAssembly (0ms)
			ScanForSourceGeneratedMonoScriptInfo (0ms)
			ResolveRequiredComponents (3ms)
	FinalizeReload (610ms)
		ReleaseScriptCaches (0ms)
		RebuildScriptCaches (0ms)
		SetupLoadedEditorAssemblies (273ms)
			LogAssemblyErrors (0ms)
			InitializePlatformSupportModulesInManaged (18ms)
			SetLoadedEditorAssemblies (4ms)
			RefreshPlugins (0ms)
			BeforeProcessingInitializeOnLoad (53ms)
			ProcessInitializeOnLoadAttributes (173ms)
			ProcessInitializeOnLoadMethodAttributes (22ms)
			AfterProcessingInitializeOnLoad (2ms)
			EditorAssembliesLoaded (0ms)
		ExecutionOrderSort2 (0ms)
		AwakeInstancesAfterBackupRestoration (9ms)
Refreshing native plugins compatible for Editor in 4.09 ms, found 4 plugins.
Preloading 0 native plugins for Editor in 0.00 ms.
Unloading 4249 Unused Serialized files (Serialized files now loaded: 0)
Unloading 50 unused Assets / (42.4 KB). Loaded Objects now: 4727.
Memory consumption went from 143.2 MB to 143.2 MB.
Total: 2.729000 ms (FindLiveObjects: 0.258700 ms CreateObjectMapping: 0.106200 ms MarkObjects: 2.306700 ms  DeleteObjects: 0.056700 ms)

Prepare: number of updated asset objects reloaded= 0
AssetImportParameters requested are different than current active one (requested -> active):
  custom:container-demuxer-ogg: 62fdf1f143b41e24485cea50d1cbac27 -> 
  custom:video-decoder-ogg-theora: a1e56fd34408186e4bbccfd4996cb3dc -> 
  custom:framework-win-MediaFoundation: 216162199b28c13a410421893ffa2e32 -> 
  custom:CustomObjectIndexerAttribute: 756ad292c208cfabdd7b50bc23989ffe -> 
  custom:container-demuxer-webm: 4f35f7cbe854078d1ac9338744f61a02 -> 
  custom:container-muxer-webm: aa71ff27fc2769a1b78a27578f13a17b -> 
  custom:video-decoder-webm-vp8: 9c59270c3fd7afecdb556c50c9e8de78 -> 
  custom:SearchIndexIgnoredProperties: e643bd26f0fe6173181afceb89e7c659 -> 
  custom:AudioImporter_EditorPlatform: d09bf68614088b80899f8185d706f6e7 -> 
  custom:video-encoder-webm-vp8: eb34c28f22e8b96e1ab97ce403110664 -> 
  custom:audio-decoder-ogg-vorbis: bf7c407c2cedff20999df2af8eb42d56 -> 
  custom:audio-encoder-webm-vorbis: bf7c407c2cedff20999df2af8eb42d56 -> 
========================================================================
Received Prepare
Begin MonoManager ReloadAssembly
Symbol file LoadedFromMemory doesn't match image P:\Coding\Unity Projects\Galactic-Delivery-Dash\Galactic Delivery Dash\Library\PackageCache\com.unity.visualscripting@1.8.0\Editor\VisualScripting.Core\Dependencies\YamlDotNet\Unity.VisualScripting.YamlDotNet.dll
Symbol file LoadedFromMemory doesn't match image P:\Coding\Unity Projects\Galactic-Delivery-Dash\Galactic Delivery Dash\Library\PackageCache\com.unity.visualscripting@1.8.0\Editor\VisualScripting.Core\Dependencies\DotNetZip\Unity.VisualScripting.IonicZip.dll
- Loaded All Assemblies, in  0.301 seconds
Refreshing native plugins compatible for Editor in 3.36 ms, found 4 plugins.
Native extension for UWP target not found
Native extension for LinuxStandalone target not found
Native extension for WindowsStandalone target not found
Native extension for Android target not found
Mono: successfully reloaded assembly
[Package Manager] Server::EnsureServerProcessIsRunning -- launch failed, reason: Unity was launched with the -noUpm command-line argument
[Package Manager] UpmClient::Send -- Unable to send message (not connected to UPM process).
[Package Manager] Cannot connect to Unity Package Manager local server
- Finished resetting the current domain, in  0.608 seconds
Domain Reload Profiling: 909ms
	BeginReloadAssembly (117ms)
		ExecutionOrderSort (0ms)
		DisableScriptedObjects (9ms)
		BackupInstance (0ms)
		ReleaseScriptingObjects (0ms)
		CreateAndSetChildDomain (27ms)
	RebuildCommonClasses (22ms)
	RebuildNativeTypeToScriptingClass (8ms)
	initialDomainReloadingComplete (17ms)
	LoadAllAssembliesAndSetupDomain (137ms)
		LoadAssemblies (184ms)
		RebuildTransferFunctionScriptingTraits (0ms)
		AnalyzeDomain (11ms)
			TypeCache.Refresh (5ms)
				TypeCache.ScanAssembly (0ms)
			ScanForSourceGeneratedMonoScriptInfo (0ms)
			ResolveRequiredComponents (5ms)
	FinalizeReload (608ms)
		ReleaseScriptCaches (0ms)
		RebuildScriptCaches (0ms)
		SetupLoadedEditorAssemblies (270ms)
			LogAssemblyErrors (0ms)
			InitializePlatformSupportModulesInManaged (18ms)
			SetLoadedEditorAssemblies (2ms)
			RefreshPlugins (0ms)
			BeforeProcessingInitializeOnLoad (55ms)
			ProcessInitializeOnLoadAttributes (170ms)
			ProcessInitializeOnLoadMethodAttributes (23ms)
			AfterProcessingInitializeOnLoad (1ms)
			EditorAssembliesLoaded (0ms)
		ExecutionOrderSort2 (0ms)
		AwakeInstancesAfterBackupRestoration (9ms)
Refreshing native plugins compatible for Editor in 3.84 ms, found 4 plugins.
Preloading 0 native plugins for Editor in 0.00 ms.
Unloading 4249 Unused Serialized files (Serialized files now loaded: 0)
Unloading 50 unused Assets / (42.4 KB). Loaded Objects now: 4731.
Memory consumption went from 143.2 MB to 143.2 MB.
Total: 2.679200 ms (FindLiveObjects: 0.261100 ms CreateObjectMapping: 0.094600 ms MarkObjects: 2.267400 ms  DeleteObjects: 0.055300 ms)

Prepare: number of updated asset objects reloaded= 0
AssetImportParameters requested are different than current active one (requested -> active):
  custom:container-demuxer-ogg: 62fdf1f143b41e24485cea50d1cbac27 -> 
  custom:video-decoder-ogg-theora: a1e56fd34408186e4bbccfd4996cb3dc -> 
  custom:framework-win-MediaFoundation: 216162199b28c13a410421893ffa2e32 -> 
  custom:CustomObjectIndexerAttribute: 756ad292c208cfabdd7b50bc23989ffe -> 
  custom:container-demuxer-webm: 4f35f7cbe854078d1ac9338744f61a02 -> 
  custom:container-muxer-webm: aa71ff27fc2769a1b78a27578f13a17b -> 
  custom:video-decoder-webm-vp8: 9c59270c3fd7afecdb556c50c9e8de78 -> 
  custom:SearchIndexIgnoredProperties: e643bd26f0fe6173181afceb89e7c659 -> 
  custom:AudioImporter_EditorPlatform: d09bf68614088b80899f8185d706f6e7 -> 
  custom:video-encoder-webm-vp8: eb34c28f22e8b96e1ab97ce403110664 -> 
  custom:audio-decoder-ogg-vorbis: bf7c407c2cedff20999df2af8eb42d56 -> 
  custom:audio-encoder-webm-vorbis: bf7c407c2cedff20999df2af8eb42d56 -> 
========================================================================
Received Import Request.
  Time since last request: 645.776384 seconds.
  path: Assets
  artifactKey: Guid(00000000000000001000000000000000) Importer(815301076,1909f56bfc062723c751e8b465ee728b)
Start importing Assets using Guid(00000000000000001000000000000000) Importer(815301076,1909f56bfc062723c751e8b465ee728b)  -> (artifact id: '8a4fe85251aa2e89732c359432baa2c3') in 0.001516 seconds
Number of updated asset objects reloaded before import = 0
Number of asset objects unloaded after import = 0
========================================================================
Received Import Request.
  Time since last request: 7.700058 seconds.
  path: Assets/Joystick
  artifactKey: Guid(d55fcab79b9b9a949851e6962e1dec9d) Importer(815301076,1909f56bfc062723c751e8b465ee728b)
Start importing Assets/Joystick using Guid(d55fcab79b9b9a949851e6962e1dec9d) Importer(815301076,1909f56bfc062723c751e8b465ee728b)  -> (artifact id: '7e37af8dff721a7c43e6207655ab48ad') in 0.000541 seconds
Number of updated asset objects reloaded before import = 0
Number of asset objects unloaded after import = 0
========================================================================
Received Import Request.
  Time since last request: 112.051423 seconds.
  path: Assets/Joystick/Sprites
  artifactKey: Guid(bad25faf1a7ba8f44a4000092e97dfa2) Importer(815301076,1909f56bfc062723c751e8b465ee728b)
Start importing Assets/Joystick/Sprites using Guid(bad25faf1a7ba8f44a4000092e97dfa2) Importer(815301076,1909f56bfc062723c751e8b465ee728b)  -> (artifact id: '05d416b6ae4163ce20727def7b13ff03') in 0.000376 seconds
Number of updated asset objects reloaded before import = 0
Number of asset objects unloaded after import = 0
========================================================================
Received Import Request.
  Time since last request: 3.156614 seconds.
  path: Assets/Joystick/Sprites/transparentDark
  artifactKey: Guid(474872af6de560b44afe185a9031e195) Importer(815301076,1909f56bfc062723c751e8b465ee728b)
Start importing Assets/Joystick/Sprites/transparentDark using Guid(474872af6de560b44afe185a9031e195) Importer(815301076,1909f56bfc062723c751e8b465ee728b)  -> (artifact id: '3fdbb711cd4e19d4d18ff6020b5c268f') in 0.000334 seconds
Number of updated asset objects reloaded before import = 0
Number of asset objects unloaded after import = 0
========================================================================
Received Import Request.
  Time since last request: 2.059994 seconds.
  path: Assets/Joystick/Sprites/transparentDark/transparentDark00.png
  artifactKey: Guid(4c41f50c6dc5388409a115070261b56f) Importer(815301076,1909f56bfc062723c751e8b465ee728b)
Start importing Assets/Joystick/Sprites/transparentDark/transparentDark00.png using Guid(4c41f50c6dc5388409a115070261b56f) Importer(815301076,1909f56bfc062723c751e8b465ee728b)  -> (artifact id: '6cbb1eda03706a32d6ce310ad4af858d') in 0.044025 seconds
Number of updated asset objects reloaded before import = 0
Number of asset objects unloaded after import = 3
========================================================================
Received Import Request.
  Time since last request: 0.559558 seconds.
  path: Assets/Joystick/Sprites/transparentDark/transparentDark04.png
  artifactKey: Guid(3afd4f8321b980b40a374d1353e4261f) Importer(815301076,1909f56bfc062723c751e8b465ee728b)
Start importing Assets/Joystick/Sprites/transparentDark/transparentDark04.png using Guid(3afd4f8321b980b40a374d1353e4261f) Importer(815301076,1909f56bfc062723c751e8b465ee728b)  -> (artifact id: 'b322568b8f7aad0763e116c4ca53d5dc') in 0.011774 seconds
Number of updated asset objects reloaded before import = 0
Number of asset objects unloaded after import = 3
========================================================================
Received Import Request.
  Time since last request: 0.000014 seconds.
  path: Assets/Joystick/Sprites/transparentDark/transparentDark47.png
  artifactKey: Guid(bbf36f2d8a5ddb247bea29afedbf358f) Importer(815301076,1909f56bfc062723c751e8b465ee728b)
Start importing Assets/Joystick/Sprites/transparentDark/transparentDark47.png using Guid(bbf36f2d8a5ddb247bea29afedbf358f) Importer(815301076,1909f56bfc062723c751e8b465ee728b)  -> (artifact id: 'b162e7c62ec968118bf8ff27f98d9a98') in 0.011408 seconds
Number of updated asset objects reloaded before import = 0
Number of asset objects unloaded after import = 3
========================================================================
Received Import Request.
  Time since last request: 0.000015 seconds.
  path: Assets/Joystick/Sprites/transparentDark/transparentDark35.png
  artifactKey: Guid(4fb0d5dcb53092e4c9ca86d1062e5ab2) Importer(815301076,1909f56bfc062723c751e8b465ee728b)
Start importing Assets/Joystick/Sprites/transparentDark/transparentDark35.png using Guid(4fb0d5dcb53092e4c9ca86d1062e5ab2) Importer(815301076,1909f56bfc062723c751e8b465ee728b)  -> (artifact id: '22ce6139d50b07d3d1f26567be5ca9e0') in 0.006995 seconds
Number of updated asset objects reloaded before import = 0
Number of asset objects unloaded after import = 3
========================================================================
Received Import Request.
  Time since last request: 0.000014 seconds.
  path: Assets/Joystick/Sprites/transparentDark/transparentDark30.png
  artifactKey: Guid(71c22f6fce31e9040ba297b743dd22c1) Importer(815301076,1909f56bfc062723c751e8b465ee728b)
Start importing Assets/Joystick/Sprites/transparentDark/transparentDark30.png using Guid(71c22f6fce31e9040ba297b743dd22c1) Importer(815301076,1909f56bfc062723c751e8b465ee728b)  -> (artifact id: 'b6242a0917fac14604ed3459f22b126e') in 0.008134 seconds
Number of updated asset objects reloaded before import = 0
Number of asset objects unloaded after import = 3
========================================================================
Received Import Request.
  Time since last request: 0.000015 seconds.
  path: Assets/Joystick/Sprites/transparentDark/transparentDark41.png
  artifactKey: Guid(261b217d11c1a4645bdf26c77659c202) Importer(815301076,1909f56bfc062723c751e8b465ee728b)
Start importing Assets/Joystick/Sprites/transparentDark/transparentDark41.png using Guid(261b217d11c1a4645bdf26c77659c202) Importer(815301076,1909f56bfc062723c751e8b465ee728b)  -> (artifact id: 'bd2ff2958d303ad90ae37e8381031c7a') in 0.007088 seconds
Number of updated asset objects reloaded before import = 0
Number of asset objects unloaded after import = 3
========================================================================
Received Import Request.
  Time since last request: 0.000012 seconds.
  path: Assets/Joystick/Sprites/transparentDark/transparentDark37.png
  artifactKey: Guid(d4a7034cb05259240ac3d4d3fc6a7cea) Importer(815301076,1909f56bfc062723c751e8b465ee728b)
Start importing Assets/Joystick/Sprites/transparentDark/transparentDark37.png using Guid(d4a7034cb05259240ac3d4d3fc6a7cea) Importer(815301076,1909f56bfc062723c751e8b465ee728b)  -> (artifact id: 'da74716a7e0908f1e79a029f563fbb3c') in 0.006336 seconds
Number of updated asset objects reloaded before import = 0
Number of asset objects unloaded after import = 3
========================================================================
Received Import Request.
  Time since last request: 0.000018 seconds.
  path: Assets/Joystick/Sprites/transparentDark/transparentDark22.png
  artifactKey: Guid(6ea4a655376ff1e43bd762b73659018e) Importer(815301076,1909f56bfc062723c751e8b465ee728b)
Start importing Assets/Joystick/Sprites/transparentDark/transparentDark22.png using Guid(6ea4a655376ff1e43bd762b73659018e) Importer(815301076,1909f56bfc062723c751e8b465ee728b)  -> (artifact id: 'c464bc95d11915c4b7c3f3b55972e5c8') in 0.007231 seconds
Number of updated asset objects reloaded before import = 0
Number of asset objects unloaded after import = 3
========================================================================
Received Import Request.
  Time since last request: 0.000012 seconds.
  path: Assets/Joystick/Sprites/transparentDark/transparentDark28.png
  artifactKey: Guid(264d5786a8e3da44e91c3628a146f6c2) Importer(815301076,1909f56bfc062723c751e8b465ee728b)
Start importing Assets/Joystick/Sprites/transparentDark/transparentDark28.png using Guid(264d5786a8e3da44e91c3628a146f6c2) Importer(815301076,1909f56bfc062723c751e8b465ee728b)  -> (artifact id: '05431644fa815e7908c914e9bd5ad6fc') in 0.008788 seconds
Number of updated asset objects reloaded before import = 0
Number of asset objects unloaded after import = 3
========================================================================
Received Import Request.
  Time since last request: 0.000011 seconds.
  path: Assets/Joystick/Sprites/transparentDark/transparentDark05.png
  artifactKey: Guid(c59f7ce029fba2d4986e5efbdac90fe5) Importer(815301076,1909f56bfc062723c751e8b465ee728b)
Start importing Assets/Joystick/Sprites/transparentDark/transparentDark05.png using Guid(c59f7ce029fba2d4986e5efbdac90fe5) Importer(815301076,1909f56bfc062723c751e8b465ee728b)  -> (artifact id: '3f25628c99ba44f3df659d8db194750e') in 0.014175 seconds
Number of updated asset objects reloaded before import = 0
Number of asset objects unloaded after import = 3
========================================================================
Received Import Request.
  Time since last request: 0.000018 seconds.
  path: Assets/Joystick/Sprites/transparentDark/transparentDark21.png
  artifactKey: Guid(40b98714b274d9d4fafe3c22e2fde99d) Importer(815301076,1909f56bfc062723c751e8b465ee728b)
Start importing Assets/Joystick/Sprites/transparentDark/transparentDark21.png using Guid(40b98714b274d9d4fafe3c22e2fde99d) Importer(815301076,1909f56bfc062723c751e8b465ee728b)  -> (artifact id: 'bb22fd198b2a73e6a59e510503f5cc23') in 0.008071 seconds
Number of updated asset objects reloaded before import = 0
Number of asset objects unloaded after import = 3
========================================================================
Received Import Request.
  Time since last request: 0.000016 seconds.
  path: Assets/Joystick/Sprites/transparentDark/transparentDark13.png
  artifactKey: Guid(435aa9bda354e8b46800ddc440a2663f) Importer(815301076,1909f56bfc062723c751e8b465ee728b)
Start importing Assets/Joystick/Sprites/transparentDark/transparentDark13.png using Guid(435aa9bda354e8b46800ddc440a2663f) Importer(815301076,1909f56bfc062723c751e8b465ee728b)  -> (artifact id: 'ddf29c418e21541408bf39c29cfc9322') in 0.006851 seconds
Number of updated asset objects reloaded before import = 0
Number of asset objects unloaded after import = 3
========================================================================
Received Import Request.
  Time since last request: 0.000015 seconds.
  path: Assets/Joystick/Sprites/transparentDark/transparentDark29.png
  artifactKey: Guid(ef4fa10e92942454a8edfb5c0b948f51) Importer(815301076,1909f56bfc062723c751e8b465ee728b)
Start importing Assets/Joystick/Sprites/transparentDark/transparentDark29.png using Guid(ef4fa10e92942454a8edfb5c0b948f51) Importer(815301076,1909f56bfc062723c751e8b465ee728b)  -> (artifact id: '374c31c309e4bc151ed8ada109e5cb50') in 0.006686 seconds
Number of updated asset objects reloaded before import = 0
Number of asset objects unloaded after import = 3
========================================================================
Received Import Request.
  Time since last request: 0.000012 seconds.
  path: Assets/Joystick/Sprites/transparentDark/transparentDark45.png
  artifactKey: Guid(ecf022a46471feb4482612954ac8f94f) Importer(815301076,1909f56bfc062723c751e8b465ee728b)
Start importing Assets/Joystick/Sprites/transparentDark/transparentDark45.png using Guid(ecf022a46471feb4482612954ac8f94f) Importer(815301076,1909f56bfc062723c751e8b465ee728b)  -> (artifact id: '0acfe686ada3dab3a27f987b2b6f6e4b') in 0.008216 seconds
Number of updated asset objects reloaded before import = 0
Number of asset objects unloaded after import = 3
========================================================================
Received Import Request.
  Time since last request: 0.000018 seconds.
  path: Assets/Joystick/Sprites/transparentDark/transparentDark26.png
  artifactKey: Guid(a8cb48c0bd528ee43bd24ee136789896) Importer(815301076,1909f56bfc062723c751e8b465ee728b)
Start importing Assets/Joystick/Sprites/transparentDark/transparentDark26.png using Guid(a8cb48c0bd528ee43bd24ee136789896) Importer(815301076,1909f56bfc062723c751e8b465ee728b)  -> (artifact id: '4684e29c9ddd9096998456eff594a7fd') in 0.006928 seconds
Number of updated asset objects reloaded before import = 0
Number of asset objects unloaded after import = 3
========================================================================
Received Import Request.
  Time since last request: 0.000016 seconds.
  path: Assets/Joystick/Sprites/transparentDark/transparentDark48.png
  artifactKey: Guid(100ce4589a39ded4ba7fb7c993c63065) Importer(815301076,1909f56bfc062723c751e8b465ee728b)
Start importing Assets/Joystick/Sprites/transparentDark/transparentDark48.png using Guid(100ce4589a39ded4ba7fb7c993c63065) Importer(815301076,1909f56bfc062723c751e8b465ee728b)  -> (artifact id: 'd050fddd36f3ff2a5271a2761dee130d') in 0.008260 seconds
Number of updated asset objects reloaded before import = 0
Number of asset objects unloaded after import = 3
========================================================================
Received Import Request.
  Time since last request: 0.000019 seconds.
  path: Assets/Joystick/Sprites/transparentDark/transparentDark11.png
  artifactKey: Guid(e855e72c4ea4d5f488ba8a2bfa1c00ec) Importer(815301076,1909f56bfc062723c751e8b465ee728b)
Start importing Assets/Joystick/Sprites/transparentDark/transparentDark11.png using Guid(e855e72c4ea4d5f488ba8a2bfa1c00ec) Importer(815301076,1909f56bfc062723c751e8b465ee728b)  -> (artifact id: '5c55e2f8fed0b9d70d5806a9de79c33d') in 0.007557 seconds
Number of updated asset objects reloaded before import = 0
Number of asset objects unloaded after import = 3
========================================================================
Received Import Request.
  Time since last request: 0.000023 seconds.
  path: Assets/Joystick/Sprites/transparentDark/transparentDark15.png
  artifactKey: Guid(5bd3d547876ef0c4db6e48a5760df2f5) Importer(815301076,1909f56bfc062723c751e8b465ee728b)
Start importing Assets/Joystick/Sprites/transparentDark/transparentDark15.png using Guid(5bd3d547876ef0c4db6e48a5760df2f5) Importer(815301076,1909f56bfc062723c751e8b465ee728b)  -> (artifact id: 'c649c52f555421248d514a74e442835a') in 0.006663 seconds
Number of updated asset objects reloaded before import = 0
Number of asset objects unloaded after import = 3
========================================================================
Received Import Request.
  Time since last request: 0.000012 seconds.
  path: Assets/Joystick/Sprites/transparentDark/transparentDark16.png
  artifactKey: Guid(1be0853a7ab98ae4887e256f6c68e795) Importer(815301076,1909f56bfc062723c751e8b465ee728b)
Start importing Assets/Joystick/Sprites/transparentDark/transparentDark16.png using Guid(1be0853a7ab98ae4887e256f6c68e795) Importer(815301076,1909f56bfc062723c751e8b465ee728b)  -> (artifact id: '56a3b3768c6cc9fe9399a46077c62625') in 0.005142 seconds
Number of updated asset objects reloaded before import = 0
Number of asset objects unloaded after import = 3
========================================================================
Received Import Request.
  Time since last request: 0.000016 seconds.
  path: Assets/Joystick/Sprites/transparentDark/transparentDark31.png
  artifactKey: Guid(d5adc45b3be2a524d98e38aec491e144) Importer(815301076,1909f56bfc062723c751e8b465ee728b)
Start importing Assets/Joystick/Sprites/transparentDark/transparentDark31.png using Guid(d5adc45b3be2a524d98e38aec491e144) Importer(815301076,1909f56bfc062723c751e8b465ee728b)  -> (artifact id: 'd5ae1f7c6e435e8c1ffbe57d430bc0a6') in 0.006736 seconds
Number of updated asset objects reloaded before import = 0
Number of asset objects unloaded after import = 3
========================================================================
Received Import Request.
  Time since last request: 0.000015 seconds.
  path: Assets/Joystick/Sprites/transparentDark/transparentDark27.png
  artifactKey: Guid(fb3f4684f0a1b3945aec550b8564818e) Importer(815301076,1909f56bfc062723c751e8b465ee728b)
Start importing Assets/Joystick/Sprites/transparentDark/transparentDark27.png using Guid(fb3f4684f0a1b3945aec550b8564818e) Importer(815301076,1909f56bfc062723c751e8b465ee728b)  -> (artifact id: '86bc093cb1bafd825e48cd0579f8a4ee') in 0.006689 seconds
Number of updated asset objects reloaded before import = 0
Number of asset objects unloaded after import = 3
========================================================================
Received Import Request.
  Time since last request: 0.000010 seconds.
  path: Assets/Joystick/Sprites/transparentDark/transparentDark42.png
  artifactKey: Guid(325432022068cd54abb9d85eae7ab1a8) Importer(815301076,1909f56bfc062723c751e8b465ee728b)
Start importing Assets/Joystick/Sprites/transparentDark/transparentDark42.png using Guid(325432022068cd54abb9d85eae7ab1a8) Importer(815301076,1909f56bfc062723c751e8b465ee728b)  -> (artifact id: '30c2cd19cba4867037e69679c0f87a22') in 0.006361 seconds
Number of updated asset objects reloaded before import = 0
Number of asset objects unloaded after import = 3
========================================================================
Received Import Request.
  Time since last request: 0.000013 seconds.
  path: Assets/Joystick/Sprites/transparentDark/transparentDark08.png
  artifactKey: Guid(fbf9533b99787f04bb83166d21e0e926) Importer(815301076,1909f56bfc062723c751e8b465ee728b)
Start importing Assets/Joystick/Sprites/transparentDark/transparentDark08.png using Guid(fbf9533b99787f04bb83166d21e0e926) Importer(815301076,1909f56bfc062723c751e8b465ee728b)  -> (artifact id: '4feda2cbbbd8d7e87fc9dbcff5f2c332') in 0.007174 seconds
Number of updated asset objects reloaded before import = 0
Number of asset objects unloaded after import = 3
========================================================================
Received Import Request.
  Time since last request: 0.000012 seconds.
  path: Assets/Joystick/Sprites/transparentDark/transparentDark49.png
  artifactKey: Guid(99b1d2b941d67d6478bb4e2036faa9a8) Importer(815301076,1909f56bfc062723c751e8b465ee728b)
Start importing Assets/Joystick/Sprites/transparentDark/transparentDark49.png using Guid(99b1d2b941d67d6478bb4e2036faa9a8) Importer(815301076,1909f56bfc062723c751e8b465ee728b)  -> (artifact id: 'cbf27814459666d40f2e03e819bbb927') in 0.007446 seconds
Number of updated asset objects reloaded before import = 0
Number of asset objects unloaded after import = 3
Editor requested this worker to shutdown with reason: Scaling down because of idle timeout
TcpMessagingSession - receive error: operation aborted. errorcode: 995, details: The I/O operation has been aborted because of either a thread exit or an application request.
AssetImportWorker is now disconnected from the server
Process exiting
Exiting without the bug reporter. Application will terminate with return code 0